# JRE version: Java(TM) SE Runtime Environment (8.0_92-b14) (build 1.8.0_92-b14)
# Java VM: Java HotSpot(TM) 64-Bit Server VM (25.92-b14 mixed mode windows-amd64 compressed oops)
Heap:
 PSYoungGen      total 266752K, used 62005K [0x00000000d6000000, 0x00000000e8280000, 0x0000000100000000)
  eden space 246784K, 25% used [0x00000000d6000000,0x00000000d9c8d730,0x00000000e5100000)
  from space 19968K, 0% used [0x00000000e5100000,0x00000000e5100000,0x00000000e6480000)
  to   space 19456K, 0% used [0x00000000e6f80000,0x00000000e6f80000,0x00000000e8280000)
 ParOldGen       total 122368K, used 40480K [0x0000000082000000, 0x0000000089780000, 0x00000000d6000000)
  object space 122368K, 33% used [0x0000000082000000,0x0000000084788260,0x0000000089780000)
 Metaspace       used 38240K, capacity 38633K, committed 39000K, reserved 1085440K
  class space    used 5252K, capacity 5381K, committed 5504K, reserved 1048576K
GC Heap History (10 events):
Event: 6.605 GC heap before
{Heap before GC invocations=10 (full 1):
 PSYoungGen      total 206848K, used 206446K [0x00000000d6000000, 0x00000000e7800000, 0x0000000100000000)
  eden space 200704K, 100% used [0x00000000d6000000,0x00000000e2400000,0x00000000e2400000)
  from space 6144K, 93% used [0x00000000e7200000,0x00000000e779ba48,0x00000000e7800000)
  to   space 19968K, 0% used [0x00000000e5100000,0x00000000e5100000,0x00000000e6480000)
 ParOldGen       total 92160K, used 31799K [0x0000000082000000, 0x0000000087a00000, 0x00000000d6000000)
  object space 92160K, 34% used [0x0000000082000000,0x0000000083f0de10,0x0000000087a00000)
 Metaspace       used 32412K, capacity 32725K, committed 33024K, reserved 1077248K
  class space    used 4473K, capacity 4571K, committed 4608K, reserved 1048576K
Event: 6.614 GC heap after
Heap after GC invocations=10 (full 1):
 PSYoungGen      total 266752K, used 8786K [0x00000000d6000000, 0x00000000e8280000, 0x0000000100000000)
  eden space 246784K, 0% used [0x00000000d6000000,0x00000000d6000000,0x00000000e5100000)
  from space 19968K, 44% used [0x00000000e5100000,0x00000000e5994aa8,0x00000000e6480000)
  to   space 19456K, 0% used [0x00000000e6f80000,0x00000000e6f80000,0x00000000e8280000)
 ParOldGen       total 92160K, used 31807K [0x0000000082000000, 0x0000000087a00000, 0x00000000d6000000)
  object space 92160K, 34% used [0x0000000082000000,0x0000000083f0fe10,0x0000000087a00000)
 Metaspace       used 32412K, capacity 32725K, committed 33024K, reserved 1077248K
  class space    used 4473K, capacity 4571K, committed 4608K, reserved 1048576K
}
Event: 7.796 GC heap before
{Heap before GC invocations=11 (full 1):
 PSYoungGen      total 266752K, used 196833K [0x00000000d6000000, 0x00000000e8280000, 0x0000000100000000)
  eden space 246784K, 76% used [0x00000000d6000000,0x00000000e17a39e0,0x00000000e5100000)
  from space 19968K, 44% used [0x00000000e5100000,0x00000000e5994aa8,0x00000000e6480000)
  to   space 19456K, 0% used [0x00000000e6f80000,0x00000000e6f80000,0x00000000e8280000)
 ParOldGen       total 92160K, used 31807K [0x0000000082000000, 0x0000000087a00000, 0x00000000d6000000)
  object space 92160K, 34% used [0x0000000082000000,0x0000000083f0fe10,0x0000000087a00000)
 Metaspace       used 34806K, capacity 35149K, committed 35416K, reserved 1079296K
  class space    used 4795K, capacity 4927K, committed 4992K, reserved 1048576K
Event: 7.806 GC heap after
Heap after GC invocations=11 (full 1):
 PSYoungGen      total 266240K, used 9397K [0x00000000d6000000, 0x00000000e8280000, 0x0000000100000000)
  eden space 246784K, 0% used [0x00000000d6000000,0x00000000d6000000,0x00000000e5100000)
  from space 19456K, 48% used [0x00000000e6f80000,0x00000000e78ad660,0x00000000e8280000)
  to   space 19968K, 0% used [0x00000000e5100000,0x00000000e5100000,0x00000000e6480000)
 ParOldGen       total 92160K, used 31815K [0x0000000082000000, 0x0000000087a00000, 0x00000000d6000000)
  object space 92160K, 34% used [0x0000000082000000,0x0000000083f11e10,0x0000000087a00000)
 Metaspace       used 34806K, capacity 35149K, committed 35416K, reserved 1079296K
  class space    used 4795K, capacity 4927K, committed 4992K, reserved 1048576K
}
Event: 7.806 GC heap before
{Heap before GC invocations=12 (full 2):
 PSYoungGen      total 266240K, used 9397K [0x00000000d6000000, 0x00000000e8280000, 0x0000000100000000)
  eden space 246784K, 0% used [0x00000000d6000000,0x00000000d6000000,0x00000000e5100000)
  from space 19456K, 48% used [0x00000000e6f80000,0x00000000e78ad660,0x00000000e8280000)
  to   space 19968K, 0% used [0x00000000e5100000,0x00000000e5100000,0x00000000e6480000)
 ParOldGen       total 92160K, used 31815K [0x0000000082000000, 0x0000000087a00000, 0x00000000d6000000)
  object space 92160K, 34% used [0x0000000082000000,0x0000000083f11e10,0x0000000087a00000)
 Metaspace       used 34806K, capacity 35149K, committed 35416K, reserved 1079296K
  class space    used 4795K, capacity 4927K, committed 4992K, reserved 1048576K
Event: 7.913 GC heap after
Heap after GC invocations=12 (full 2):
 PSYoungGen      total 266240K, used 0K [0x00000000d6000000, 0x00000000e8280000, 0x0000000100000000)
  eden space 246784K, 0% used [0x00000000d6000000,0x00000000d6000000,0x00000000e5100000)
  from space 19456K, 0% used [0x00000000e6f80000,0x00000000e6f80000,0x00000000e8280000)
  to   space 19968K, 0% used [0x00000000e5100000,0x00000000e5100000,0x00000000e6480000)
 ParOldGen       total 122368K, used 40159K [0x0000000082000000, 0x0000000089780000, 0x00000000d6000000)
  object space 122368K, 32% used [0x0000000082000000,0x0000000084737c88,0x0000000089780000)
 Metaspace       used 34806K, capacity 35149K, committed 35416K, reserved 1079296K
  class space    used 4795K, capacity 4927K, committed 4992K, reserved 1048576K
}
Event: 8.288 GC heap before
{Heap before GC invocations=13 (full 2):
 PSYoungGen      total 266240K, used 58158K [0x00000000d6000000, 0x00000000e8280000, 0x0000000100000000)
  eden space 246784K, 23% used [0x00000000d6000000,0x00000000d98cb958,0x00000000e5100000)
  from space 19456K, 0% used [0x00000000e6f80000,0x00000000e6f80000,0x00000000e8280000)
  to   space 19968K, 0% used [0x00000000e5100000,0x00000000e5100000,0x00000000e6480000)
 ParOldGen       total 122368K, used 40159K [0x0000000082000000, 0x0000000089780000, 0x00000000d6000000)
  object space 122368K, 32% used [0x0000000082000000,0x0000000084737c88,0x0000000089780000)
 Metaspace       used 36771K, capacity 37161K, committed 37464K, reserved 1087488K
  class space    used 5059K, capacity 5189K, committed 5248K, reserved 1048576K
Event: 8.291 GC heap after
Heap after GC invocations=13 (full 2):
 PSYoungGen      total 266752K, used 2379K [0x00000000d6000000, 0x00000000e8280000, 0x0000000100000000)
  eden space 246784K, 0% used [0x00000000d6000000,0x00000000d6000000,0x00000000e5100000)
  from space 19968K, 11% used [0x00000000e5100000,0x00000000e5352e10,0x00000000e6480000)
  to   space 19456K, 0% used [0x00000000e6f80000,0x00000000e6f80000,0x00000000e8280000)
 ParOldGen       total 122368K, used 40159K [0x0000000082000000, 0x0000000089780000, 0x00000000d6000000)
  object space 122368K, 32% used [0x0000000082000000,0x0000000084737c88,0x0000000089780000)
 Metaspace       used 36771K, capacity 37161K, committed 37464K, reserved 1087488K
  class space    used 5059K, capacity 5189K, committed 5248K, reserved 1048576K
}
Event: 8.291 GC heap before
{Heap before GC invocations=14 (full 3):
 PSYoungGen      total 266752K, used 2379K [0x00000000d6000000, 0x00000000e8280000, 0x0000000100000000)
  eden space 246784K, 0% used [0x00000000d6000000,0x00000000d6000000,0x00000000e5100000)
  from space 19968K, 11% used [0x00000000e5100000,0x00000000e5352e10,0x00000000e6480000)
  to   space 19456K, 0% used [0x00000000e6f80000,0x00000000e6f80000,0x00000000e8280000)
 ParOldGen       total 122368K, used 40159K [0x0000000082000000, 0x0000000089780000, 0x00000000d6000000)
  object space 122368K, 32% used [0x0000000082000000,0x0000000084737c88,0x0000000089780000)
 Metaspace       used 36771K, capacity 37161K, committed 37464K, reserved 1087488K
  class space    used 5059K, capacity 5189K, committed 5248K, reserved 1048576K
Event: 8.530 GC heap after
Heap after GC invocations=14 (full 3):
 PSYoungGen      total 266752K, used 0K [0x00000000d6000000, 0x00000000e8280000, 0x0000000100000000)
  eden space 246784K, 0% used [0x00000000d6000000,0x00000000d6000000,0x00000000e5100000)
  from space 19968K, 0% used [0x00000000e5100000,0x00000000e5100000,0x00000000e6480000)
  to   space 19456K, 0% used [0x00000000e6f80000,0x00000000e6f80000,0x00000000e8280000)
 ParOldGen       total 122368K, used 40480K [0x0000000082000000, 0x0000000089780000, 0x00000000d6000000)
  object space 122368K, 33% used [0x0000000082000000,0x0000000084788260,0x0000000089780000)
 Metaspace       used 36771K, capacity 37161K, committed 37464K, reserved 1085440K
  class space    used 5059K, capacity 5189K, committed 5248K, reserved 1048576K
}

